android/app/build/intermediates/manifest_merge_blame_file/debug/manifest-merger-blame-debug-report.txt
1<?xml version="1.0" encoding="utf-8"?>
2<manifest xmlns:android="http://schemas.android.com/apk/res/android"
3    package="com.testihealthlibrary"
4    android:versionCode="1"
5    android:versionName="1.0" >
6
7    <uses-sdk
8        android:minSdkVersion="28"
9        android:targetSdkVersion="28" />
10
11    <uses-permission android:name="android.permission.SYSTEM_ALERT_WINDOW" />
11-->src/debug/AndroidManifest.xml:5:5-77
11-->src/debug/AndroidManifest.xml:5:22-75
12    <uses-permission android:name="android.permission.INTERNET" />
12-->src/main/AndroidManifest.xml:4:5-67
12-->src/main/AndroidManifest.xml:4:22-64
13    <uses-permission android:name="android.permission.BLUETOOTH" />
13-->src/main/AndroidManifest.xml:5:5-68
13-->src/main/AndroidManifest.xml:5:22-65
14    <uses-permission android:name="android.permission.BLUETOOTH_ADMIN" />
14-->src/main/AndroidManifest.xml:6:5-74
14-->src/main/AndroidManifest.xml:6:22-71
15    <uses-permission android:name="android.permission.ACCESS_COARSE_LOCATION" />
15-->src/main/AndroidManifest.xml:7:5-81
15-->src/main/AndroidManifest.xml:7:22-78
16    <uses-permission android:name="android.permission.ACCESS_FINE_LOCATION" />
16-->src/main/AndroidManifest.xml:8:5-79
16-->src/main/AndroidManifest.xml:8:22-76
17    <uses-permission android:name="android.permission.ACCESS_NETWORK_STATE" /> <!-- Need RECORD_AUDIO and MODIFY_AUDIO_SETTINGS permission for iHealth BG1 -->
17-->src/main/AndroidManifest.xml:9:5-79
17-->src/main/AndroidManifest.xml:9:22-76
18    <uses-permission android:name="android.permission.RECORD_AUDIO" />
18-->src/main/AndroidManifest.xml:11:5-71
18-->src/main/AndroidManifest.xml:11:22-68
19    <uses-permission android:name="android.permission.MODIFY_AUDIO_SETTINGS" />
19-->src/main/AndroidManifest.xml:12:5-80
19-->src/main/AndroidManifest.xml:12:22-77
20    <uses-permission android:name="android.permission.WRITE_EXTERNAL_STORAGE" />
20-->src/main/AndroidManifest.xml:13:5-81
20-->src/main/AndroidManifest.xml:13:22-78
21    <uses-permission android:name="android.permission.ACCESS_WIFI_STATE" />
21-->[com.facebook.flipper:flipper:0.33.1] AndroidManifest.xml:16:5-76
21-->[com.facebook.flipper:flipper:0.33.1] AndroidManifest.xml:16:22-73
22
23    <application
23-->src/main/AndroidManifest.xml:15:5-34:19
24        android:name="com.testihealthlibrary.MainApplication"
24-->src/main/AndroidManifest.xml:16:7-38
25        android:allowBackup="false"
25-->src/main/AndroidManifest.xml:20:7-34
26        android:appComponentFactory="androidx.core.app.CoreComponentFactory"
26-->[androidx.core:core:1.3.0] AndroidManifest.xml:24:18-86
27        android:debuggable="true"
28        android:icon="@mipmap/ic_launcher"
28-->src/main/AndroidManifest.xml:18:7-41
29        android:label="@string/app_name"
29-->src/main/AndroidManifest.xml:17:7-39
30        android:roundIcon="@mipmap/ic_launcher_round"
30-->src/main/AndroidManifest.xml:19:7-52
31        android:supportsRtl="true"
31-->[:ihealth_ihealthlibrary-react-native] AndroidManifest.xml:13:9-35
32        android:testOnly="true"
33        android:theme="@style/AppTheme"
33-->src/main/AndroidManifest.xml:21:7-38
34        android:usesCleartextTraffic="true" >
34-->src/debug/AndroidManifest.xml:7:18-53
35        <activity
35-->src/main/AndroidManifest.xml:22:7-32:18
36            android:name="com.testihealthlibrary.MainActivity"
36-->src/main/AndroidManifest.xml:23:9-37
37            android:configChanges="keyboard|keyboardHidden|orientation|screenSize|uiMode"
37-->src/main/AndroidManifest.xml:25:9-86
38            android:label="@string/app_name"
38-->src/main/AndroidManifest.xml:24:9-41
39            android:launchMode="singleTask"
39-->src/main/AndroidManifest.xml:26:9-40
40            android:windowSoftInputMode="adjustResize" >
40-->src/main/AndroidManifest.xml:27:9-51
41            <intent-filter>
41-->src/main/AndroidManifest.xml:28:9-31:25
42                <action android:name="android.intent.action.MAIN" />
42-->src/main/AndroidManifest.xml:29:13-65
42-->src/main/AndroidManifest.xml:29:21-62
43
44                <category android:name="android.intent.category.LAUNCHER" />
44-->src/main/AndroidManifest.xml:30:13-73
44-->src/main/AndroidManifest.xml:30:23-70
45            </intent-filter>
46        </activity>
47        <activity android:name="com.facebook.react.devsupport.DevSettingsActivity" />
47-->src/main/AndroidManifest.xml:33:7-84
47-->src/main/AndroidManifest.xml:33:17-81
48    </application>
49
50</manifest>